Log file open, 07/16/16 16:50:18
LogInit:Display: Running engine for game: GAME
LogPlatformFile: Not using cached read wrapper
LogInit:Display: RandInit(-265763499) SRandInit(-265763478).
LogTaskGraph: Started task graph with 4 named threads and 6 total threads with 1 sets of task threads.
LogStats: Stats thread started at 0.088113
LogInit: Version: 4.12.5-3039270+++UE4+Release-4.12
LogInit: API Version: 2992821
LogInit: Net Version: 3039270
LogDevObjectVersion: Number of dev versions registered: 13
LogDevObjectVersion:   Dev-Blueprints (B0D832E4-1F89-4F0D-ACCF-7EB736FD4AA2): 3
LogDevObjectVersion:   Dev-Build (E1C64328-A22C-4D53-A36C-8E866417BD8C): 0
LogDevObjectVersion:   Dev-Core (375EC13C-06E4-48FB-B500-84F0262A717E): 1
LogDevObjectVersion:   Dev-Editor (E4B068ED-F494-42E9-A231-DA0B2E46BB41): 2
LogDevObjectVersion:   Dev-Framework (CFFC743F-43B0-4480-9391-14DF171D2073): 6
LogDevObjectVersion:   Dev-Mobile (B02B49B5-BB20-44E9-A304-32B752E40360): 0
LogDevObjectVersion:   Dev-Networking (A4E4105C-59A1-49B5-A7C5-40C4547EDFEE): 0
LogDevObjectVersion:   Dev-Online (39C831C9-5AE6-47DC-9A44-9C173E1C8E7C): 0
LogDevObjectVersion:   Dev-Physics (78F01B33-EBEA-4F98-B9B4-84EACCB95AA2): 0
LogDevObjectVersion:   Dev-Platform (6631380F-2D4D-43E0-8009-CF276956A95A): 0
LogDevObjectVersion:   Dev-Rendering (12F88B9F-8875-4AFC-A67C-D90C383ABD29): 2
LogDevObjectVersion:   Dev-Sequencer (7B5AE74C-D270-4C10-A958-57980B212A5A): 0
LogDevObjectVersion:   Dev-VR (D7296918-1DD6-4BDD-9DE2-64A83CC13884): 0
LogInit: Compiled (64-bit): Jul  6 2016 09:09:46
LogInit: Compiled with Visual C++: 19.00.23026.00
LogInit: Build Configuration: Development
LogInit: Branch Name: ++UE4+Release-4.12
LogInit: Command line:  
LogInit: Base directory: E:/Programas/Epic Games/4.12/Engine/Binaries/Win64/
LogInit: Installed Engine Build: 1
LogInit: Using libcurl 7.41.0
LogInit:  - built for x86_64-pc-win32
LogInit:  - supports SSL with WinSSL
LogInit:  - other features:
LogInit:      CURL_VERSION_SSL
LogInit:      CURL_VERSION_IPV6
LogInit:      CURL_VERSION_ASYNCHDNS
LogInit:      CURL_VERSION_LARGEFILE
LogInit:      CURL_VERSION_IDN
LogInit:  CurlRequestOptions (configurable via config and command line):
LogInit:  - bVerifyPeer = true  - Libcurl will verify peer certificate
LogInit:  - bUseHttpProxy = false  - Libcurl will NOT use HTTP proxy
LogInit:  - bDontReuseConnections = false  - Libcurl will reuse connections
LogInit:  - CertBundlePath = nullptr  - Libcurl will use whatever was configured at build time.
LogInit: Presizing for max 8388607 objects, including 0 objects not considered by GC, pre-allocating 0 bytes for permanent pool.
LogInit: Object subsystem initialized
[2016.07.16-19.50.18:183][  0]LogInit: Selected Device Profile: [Windows]
[2016.07.16-19.50.18:183][  0]LogInit: Applying CVar settings loaded from the selected device profile: [Windows]
[2016.07.16-19.50.18:198][  0]LogInit: Computer: TCK
[2016.07.16-19.50.18:199][  0]LogInit: User: Kaic
[2016.07.16-19.50.18:199][  0]LogInit: CPU Page size=65536, Cores=3
[2016.07.16-19.50.18:199][  0]LogInit: High frequency timer resolution =14.318180 MHz
[2016.07.16-19.50.18:199][  0]LogMemory: Memory total: Physical=16.0GB (16GB approx)
[2016.07.16-19.50.18:199][  0]LogMemory: Platform Memory Stats for Windows
[2016.07.16-19.50.18:199][  0]LogMemory: Process Physical Memory: 187.91 MB used, 187.91 MB peak
[2016.07.16-19.50.18:199][  0]LogMemory: Process Virtual Memory: 194.77 MB used, 194.77 MB peak
[2016.07.16-19.50.18:199][  0]LogMemory: Physical Memory: 5272.36 MB used, 16348.66 MB total
[2016.07.16-19.50.18:199][  0]LogMemory: Virtual Memory: 530.67 MB used, 134217728.00 MB total
[2016.07.16-19.50.18:777][  0]LogD3D11RHI: D3D11 adapters:
[2016.07.16-19.50.18:796][  0]LogD3D11RHI:    0. 'AMD Radeon R9 200 Series' (Feature Level 11_0)
[2016.07.16-19.50.18:796][  0]LogD3D11RHI:       2027/0/3840 MB DedicatedVideo/DedicatedSystem/SharedSystem, Outputs:2, VendorId:0x1002
[2016.07.16-19.50.18:798][  0]LogD3D11RHI:    1. 'Microsoft Basic Render Driver' (Feature Level 11_0)
[2016.07.16-19.50.18:798][  0]LogD3D11RHI:       0/0/256 MB DedicatedVideo/DedicatedSystem/SharedSystem, Outputs:0, VendorId:0x1414
[2016.07.16-19.50.18:798][  0]LogD3D11RHI: Chosen D3D11 Adapter: 0
[2016.07.16-19.50.18:803][  0]LogD3D11RHI: Creating new Direct3DDevice
[2016.07.16-19.50.18:803][  0]LogD3D11RHI:     GPU DeviceId: 0x6810 (for the marketing name, search the web for "GPU Device Id")
[2016.07.16-19.50.18:803][  0]LogWindows: EnumDisplayDevices:
[2016.07.16-19.50.18:803][  0]LogWindows:    0. 'AMD Radeon R9 200 Series' (P:1 D:1)
[2016.07.16-19.50.18:804][  0]LogWindows:    1. 'AMD Radeon R9 200 Series' (P:0 D:1)
[2016.07.16-19.50.18:804][  0]LogWindows:    2. 'AMD Radeon R9 200 Series' (P:0 D:0)
[2016.07.16-19.50.18:804][  0]LogWindows:    3. 'AMD Radeon R9 200 Series' (P:0 D:0)
[2016.07.16-19.50.18:804][  0]LogWindows:    4. 'AMD Radeon R9 200 Series' (P:0 D:0)
[2016.07.16-19.50.18:805][  0]LogWindows:    5. 'AMD Radeon R9 200 Series' (P:0 D:0)
[2016.07.16-19.50.18:805][  0]LogWindows: DebugString: FoundDriverCount:6 
[2016.07.16-19.50.18:805][  0]LogD3D11RHI:     Adapter Name: AMD Radeon R9 200 Series
[2016.07.16-19.50.18:805][  0]LogD3D11RHI:   Driver Version: Crimson 16.6.2 (internal:16.200.1035.0, unified:16.200.1035.0)
[2016.07.16-19.50.18:805][  0]LogD3D11RHI:      Driver Date: 6-21-2016
[2016.07.16-19.50.18:805][  0]LogRHI: Texture pool is 1361 MB (70% of 1945 MB)
[2016.07.16-19.50.18:813][  0]LogD3D11RHI: Async texture creation disabled: no driver support
[2016.07.16-19.50.18:829][  0]LogD3D11RHI: GPU Timing Frequency: 27.000000 (Debug: 2 1)
[2016.07.16-19.50.18:829][  0]LogShaderCompilers: Guid format shader working directory is 16 characters bigger than the processId version (C:/Users/Kaic/Desktop/01/GAME/Intermediate/Shaders/WorkingDirectory/2464/).
[2016.07.16-19.50.18:830][  0]LogShaderCompilers: Cleaned the shader compiler working directory 'C:/Users/Kaic/AppData/Local/Temp/UnrealShaderWorkingDir/35868437409BB35F8B8FFE99711C2326/'.
[2016.07.16-19.50.18:830][  0]LogShaderCompilers:Display: Using Local Shader Compiler.
[2016.07.16-19.50.20:254][  0]LogTemp:Display: Loaded TP AllDesktopTargetPlatform
[2016.07.16-19.50.20:269][  0]LogTemp:Display: Loaded TP WindowsClientTargetPlatform
[2016.07.16-19.50.20:285][  0]LogTemp:Display: Loaded TP WindowsNoEditorTargetPlatform
[2016.07.16-19.50.20:300][  0]LogTemp:Display: Loaded TP WindowsServerTargetPlatform
[2016.07.16-19.50.20:315][  0]LogTemp:Display: Loaded TP WindowsTargetPlatform
[2016.07.16-19.50.20:328][  0]LogTemp:Display: Loaded TP AndroidTargetPlatform
[2016.07.16-19.50.20:341][  0]LogTemp:Display: Loaded TP Android_ASTCTargetPlatform
[2016.07.16-19.50.20:353][  0]LogTemp:Display: Loaded TP Android_ATCTargetPlatform
[2016.07.16-19.50.20:366][  0]LogTemp:Display: Loaded TP Android_DXTTargetPlatform
[2016.07.16-19.50.20:378][  0]LogTemp:Display: Loaded TP Android_ETC1TargetPlatform
[2016.07.16-19.50.20:391][  0]LogTemp:Display: Loaded TP Android_ETC2TargetPlatform
[2016.07.16-19.50.20:416][  0]LogTemp:Display: Loaded TP Android_MultiTargetPlatform
[2016.07.16-19.50.20:416][  0]LogTemp:Display: Loaded TP Android_PVRTCTargetPlatform
[2016.07.16-19.50.20:418][  0]LogTemp:Display: Loaded TP HTML5TargetPlatform
[2016.07.16-19.50.20:446][  0]LogTemp:Display: Loaded TP IOSTargetPlatform
[2016.07.16-19.50.20:457][  0]LogTemp:Display: Loaded TP TVOSTargetPlatform
[2016.07.16-19.50.20:469][  0]LogTemp:Display: Loaded TP LinuxNoEditorTargetPlatform
[2016.07.16-19.50.20:481][  0]LogTemp:Display: Loaded TP LinuxServerTargetPlatform
[2016.07.16-19.50.20:493][  0]LogTemp:Display: Loaded TP LinuxTargetPlatform
[2016.07.16-19.50.20:493][  0]LogTargetPlatformManager:Display: Building Assets For Windows
[2016.07.16-19.50.20:645][  0]LogDerivedDataCache:Display: Max Cache Size: 512 MB
[2016.07.16-19.50.20:732][  0]LogDerivedDataCache: Loaded boot cache 0.09s 48MB C:/Users/Kaic/AppData/Local/UnrealEngine/4.12/DerivedDataCache/Boot.ddc.
[2016.07.16-19.50.20:733][  0]LogDerivedDataCache:Display: Loaded Boot cache: C:/Users/Kaic/AppData/Local/UnrealEngine/4.12/DerivedDataCache/Boot.ddc
[2016.07.16-19.50.20:733][  0]LogDerivedDataCache: FDerivedDataBackendGraph:  Pak pak cache file C:/Users/Kaic/Desktop/01/GAME/DerivedDataCache/DDC.ddp not found, will not use a pak cache.
[2016.07.16-19.50.20:733][  0]LogDerivedDataCache: Unable to find inner node Pak for hierarchical cache Hierarchy.
[2016.07.16-19.50.20:733][  0]LogDerivedDataCache: FDerivedDataBackendGraph:  CompressedPak pak cache file C:/Users/Kaic/Desktop/01/GAME/DerivedDataCache/Compressed.ddp not found, will not use a pak cache.
[2016.07.16-19.50.20:733][  0]LogDerivedDataCache: Unable to find inner node CompressedPak for hierarchical cache Hierarchy.
[2016.07.16-19.50.20:756][  0]LogDerivedDataCache:Display: Pak cache opened for reading ../../../Engine/DerivedDataCache/Compressed.ddp.
[2016.07.16-19.50.20:769][  0]LogDerivedDataCache: Using Local data cache path C:/Users/Kaic/AppData/Local/UnrealEngine/Common/DerivedDataCache: Writable
[2016.07.16-19.50.21:053][  0]LogInit: Selected Device Profile: [Windows]
[2016.07.16-19.50.21:054][  0]LogContentStreaming: Texture pool size is 0.00 MB
[2016.07.16-19.50.21:297][  0]LogMeshUtilities: No automatic mesh reduction module available
[2016.07.16-19.50.21:297][  0]LogMeshUtilities: No automatic mesh merging module available
[2016.07.16-19.50.21:297][  0]LogMeshUtilities: No distributed automatic mesh merging module available
[2016.07.16-19.50.21:741][  0]LogAssetRegistry: FAssetRegistry took 0.0218 seconds to start up
[2016.07.16-19.50.21:771][  0]LogPackageLocalizationCache: Processed 3 localized package path(s) for 1 prioritized culture(s) in 0.022956 seconds
[2016.07.16-19.50.21:779][  0]LogUObjectArray: 28739 objects as part of root set at end of initial load.
[2016.07.16-19.50.21:779][  0]LogUObjectAllocator: 5855632 out of 0 bytes used by permanent object pool.
[2016.07.16-19.50.21:779][  0]LogUObjectArray: CloseDisregardForGC: 0/0 objects in disregard for GC pool
[2016.07.16-19.50.21:796][  0]LogInit: WinSock: version 1.1 (2.2), MaxSocks=32767, MaxUdp=65467
[2016.07.16-19.50.22:071][  0]LogSlate: SlateFontCache - WITH_FREETYPE: 1, WITH_HARFBUZZ: 1
[2016.07.16-19.50.22:071][  0]LogSlate: SlateFontCache - WITH_FREETYPE: 1, WITH_HARFBUZZ: 1
[2016.07.16-19.50.23:390][  0]LogUdpMessaging: Initializing bridge on interface 0.0.0.0:0 to multicast group 230.0.0.1:6666.
[2016.07.16-19.50.23:735][  0]SourceControl: Info Source control is disabled
[2016.07.16-19.50.23:783][  0]SourceControl: Info Source control is disabled
[2016.07.16-19.50.23:808][  0]SourceControl: Info Source control is disabled
[2016.07.16-19.50.23:832][  0]SourceControl: Info Source control is disabled
[2016.07.16-19.50.23:976][  0]LogLinker:Warning: Can't find file '/Game/TopDownBP/TopDownOverview'
[2016.07.16-19.50.23:976][  0]LogLinker:Warning: Can't find file '/Game/TopDownBP/TopDownOverview'
[2016.07.16-19.50.23:976][  0]LogUObjectGlobals:Warning: Failed to find object 'Class /Game/TopDownBP/TopDownOverview.TopDownOverview_C'
[2016.07.16-19.50.24:288][  0]LogEngine: Initializing Engine...
[2016.07.16-19.50.24:299][  0]LogHMD: SteamVR failed to initialize.  Err: 108
[2016.07.16-19.50.24:307][  0]LogHMD: SteamVR failed to initialize.  Err: 108
[2016.07.16-19.50.24:499][  0]LogAIModule: Creating AISystem for world NewWorld
[2016.07.16-19.50.24:511][  0]LogInit: XAudio2 using 'Speakers (High Definition Audio Device)' : 2 channels at 44.1 kHz using 16 bits per sample (channel mask 0x3)
[2016.07.16-19.50.24:523][  0]LogInit: FAudioDevice initialized.
[2016.07.16-19.50.24:565][  0]LogDerivedDataCache: Saved boot cache 0.04s 48MB C:/Users/Kaic/AppData/Local/UnrealEngine/4.12/DerivedDataCache/Boot.ddc.
[2016.07.16-19.50.24:579][  0]LogInit: Texture streaming: Enabled
[2016.07.16-19.50.24:617][  0]LogInit: Transaction tracking system initialized
[2016.07.16-19.50.24:660][  0]BlueprintLog: New page: Editor Load
[2016.07.16-19.50.24:801][  0]LocalizationService: Info Localization service is disabled
[2016.07.16-19.50.24:913][  0]LogConsoleResponse:Display: 
[2016.07.16-19.50.25:063][  0]LogCook:Display: Max memory allowance for cook 8192mb
[2016.07.16-19.50.25:063][  0]LogCook:Display: Mobile HDR setting 1
[2016.07.16-19.50.25:277][  0]LogFileCache: Scanning file cache for directory 'C:/Users/Kaic/Desktop/01/GAME/Content/' took 0.01s
[2016.07.16-19.50.25:277][  0]SourceControl: Info Source control is disabled
[2016.07.16-19.50.25:277][  0]Cmd: MAP LOAD FILE="../../../Engine/Content/Maps/Templates/Template_Default.umap" TEMPLATE=1 SHOWPROGRESS=1 FEATURELEVEL=3
[2016.07.16-19.50.25:278][  0]LightingResults: New page: Lighting Build
[2016.07.16-19.50.25:283][  0]MapCheck: New page: Map Check
[2016.07.16-19.50.25:283][  0]LightingResults: New page: Lighting Build
[2016.07.16-19.50.25:636][  0]LogAIModule: Creating AISystem for world Untitled_1
[2016.07.16-19.50.25:648][  0]LogEditorServer: Finished looking for orphan Actors (0.000 secs)
[2016.07.16-19.50.25:685][  0]Cmd: MAP CHECKDEP NOCLEARLOG
[2016.07.16-19.50.25:790][  0]MapCheck: Info Map check complete: 0 Error(s), 0 Warning(s), took 105.546ms to complete.
[2016.07.16-19.50.25:790][  0]LogFileHelpers: Loading map 'Template_Default' took 0.514
[2016.07.16-19.50.25:967][  0]LogCollectionManager: Loaded 0 collections in 0.004126 seconds
[2016.07.16-19.50.26:025][  0]LogFileCache: Scanning file cache for directory 'C:/Users/Kaic/Desktop/01/GAME/Saved/Collections/' took 0.01s
[2016.07.16-19.50.26:025][  0]LogFileCache: Scanning file cache for directory 'C:/Users/Kaic/Desktop/01/GAME/Content/Developers/Kaic/Collections/' took 0.01s
[2016.07.16-19.50.26:025][  0]LogFileCache: Scanning file cache for directory 'C:/Users/Kaic/Desktop/01/GAME/Content/Collections/' took 0.01s
[2016.07.16-19.50.26:025][  0]LogCollectionManager: Rebuilt the GUID cache for 0 collections in 0.000005 seconds
[2016.07.16-19.50.26:037][  0]LogContentBrowser: Native class hierarchy populated in 0.0124 seconds. Added 2047 classes and 369 folders.
[2016.07.16-19.50.26:043][  0]LogStats: UGameplayTagsManager::ConstructGameplayTagTree: Construct from data asset -  0.000 s
[2016.07.16-19.50.26:043][  0]LogStats: UGameplayTagsManager::ConstructGameplayTagTree: GameplayTagTreeChangedEvent.Broadcast -  0.000 s
[2016.07.16-19.50.26:044][  0]LogContentBrowser: Native class hierarchy updated for 'GameplayTags' in 0.0009 seconds. Added 12 classes and 0 folders.
[2016.07.16-19.50.26:054][  0]LogContentBrowser: Native class hierarchy updated for 'WidgetCarousel' in 0.0009 seconds. Added 0 classes and 0 folders.
[2016.07.16-19.50.26:160][  0]LogContentBrowser: Native class hierarchy updated for 'AddContentDialog' in 0.0009 seconds. Added 0 classes and 0 folders.
[2016.07.16-19.50.26:167][  0]LogContentBrowser: Native class hierarchy updated for 'SceneOutliner' in 0.0009 seconds. Added 1 classes and 2 folders.
[2016.07.16-19.50.26:186][  0]LogCrashTracker: Crashtracker disabled due to settings.
[2016.07.16-19.50.26:190][  0]LogUObjectGlobals:Warning: Failed to find object 'Class None.'
[2016.07.16-19.50.26:219][  0]LogContentBrowser: Native class hierarchy updated for 'HierarchicalLODOutliner' in 0.0010 seconds. Added 1 classes and 2 folders.
[2016.07.16-19.50.26:220][  0]LogLoad: Full Startup: 9.31 seconds (BP compile: 0.05 seconds)
[2016.07.16-19.50.26:220][  0]LogExternalProfiler: Found external profiler: VSPerf
[2016.07.16-19.50.26:220][  0]LogExternalProfiler: Using external profiler: VSPerf
[2016.07.16-19.50.26:229][  0]LogOcInput: OculusInput pre-init called
[2016.07.16-19.50.26:250][  0]LogContentStreaming: Texture pool size now 1000 MB
[2016.07.16-19.50.26:446][  0]LogRenderer: Reallocating scene render targets to support 1116x580 (Frame:2).
[2016.07.16-19.50.26:782][  2]LogAssetRegistry: Asset discovery search completed in 5.0626 seconds
[2016.07.16-19.50.26:782][  2]LogCollectionManager: Rebuilt the object cache for 0 collections in 0.000002 seconds (found 0 objects)
[2016.07.16-19.50.26:782][  2]LogCollectionManager: Fixed up redirectors for 0 collections in 0.000035 seconds (updated 0 objects)
[2016.07.16-19.50.30:508][442]LogPlayLevel: PlayLevel: No blueprints needed recompiling
[2016.07.16-19.50.30:509][442]PIE: New page: PIE session: Untitled_1 (Jul 16, 2016, 1:50:30 PM)
[2016.07.16-19.50.30:509][442]LogPlayLevel: Creating play world package: /Temp/UEDPIE_0_Untitled_1
[2016.07.16-19.50.30:512][442]LogPlayLevel: PIE: StaticDuplicateObject took: (0.002404s)
[2016.07.16-19.50.30:513][442]LogAIModule: Creating AISystem for world Untitled_1
[2016.07.16-19.50.30:513][442]LogPlayLevel: PIE: World Init took: (0.000878s)
[2016.07.16-19.50.30:513][442]LogPlayLevel: PIE: Created PIE world by copying editor world from /Temp/Untitled_1.Untitled_1 to /Temp/UEDPIE_0_Untitled_1.Untitled_1 (0.003538s)
[2016.07.16-19.50.30:542][442]LogInit: XAudio2 using 'Speakers (High Definition Audio Device)' : 2 channels at 44.1 kHz using 16 bits per sample (channel mask 0x3)
[2016.07.16-19.50.30:550][442]LogInit: FAudioDevice initialized.
[2016.07.16-19.50.30:624][442]LogWorld: Game class is 'GameMode'
[2016.07.16-19.50.30:631][442]LogWorld: Bringing World /Temp/UEDPIE_0_Untitled_1.Untitled_1 up for play (max tick rate 0) at 2016.07.16-16.50.30
[2016.07.16-19.50.30:632][442]LogWorld: Bringing up level for play took: 0.005661
[2016.07.16-19.50.30:640][442]LogContentBrowser: Native class hierarchy updated for 'MovieSceneCapture' in 0.0010 seconds. Added 11 classes and 0 folders.
[2016.07.16-19.50.30:642][442]PIE: Info Play in editor start time for /Temp/UEDPIE_0_Untitled_1 -0.338
[2016.07.16-19.50.41:954][785]LogEditorViewport: Clicking on Actor (LMB): BP_Sky_Sphere_C (Sky Sphere)
[2016.07.16-19.50.42:878][889]Cmd: DELETE
[2016.07.16-19.50.42:878][889]Cmd: ACTOR DELETE
[2016.07.16-19.50.42:879][889]LogEditorActor: Deleted Actor: BP_Sky_Sphere_C
[2016.07.16-19.50.42:893][889]LogEditorActor: Deleted 1 Actors (0.015 secs)
[2016.07.16-19.50.44:286][ 56]LogEditorViewport: Clicking on Actor (LMB): AtmosphericFog (Atmospheric Fog)
[2016.07.16-19.50.45:294][170]LogPlayLevel: PlayLevel: No blueprints needed recompiling
[2016.07.16-19.50.45:295][170]PIE: New page: PIE session: Untitled_1 (Jul 16, 2016, 1:50:45 PM)
[2016.07.16-19.50.45:295][170]LogPlayLevel: Creating play world package: /Temp/UEDPIE_0_Untitled_1
[2016.07.16-19.50.45:297][170]LogPlayLevel: PIE: StaticDuplicateObject took: (0.002250s)
[2016.07.16-19.50.45:298][170]LogAIModule: Creating AISystem for world Untitled_1
[2016.07.16-19.50.45:298][170]LogPlayLevel: PIE: World Init took: (0.000903s)
[2016.07.16-19.50.45:298][170]LogPlayLevel: PIE: Created PIE world by copying editor world from /Temp/Untitled_1.Untitled_1 to /Temp/UEDPIE_0_Untitled_1.Untitled_1 (0.003374s)
[2016.07.16-19.50.45:321][170]LogInit: XAudio2 using 'Speakers (High Definition Audio Device)' : 2 channels at 44.1 kHz using 16 bits per sample (channel mask 0x3)
[2016.07.16-19.50.45:330][170]LogInit: FAudioDevice initialized.
[2016.07.16-19.50.45:390][170]LogWorld: Game class is 'GameMode'
[2016.07.16-19.50.45:397][170]LogWorld: Bringing World /Temp/UEDPIE_0_Untitled_1.Untitled_1 up for play (max tick rate 0) at 2016.07.16-16.50.45
[2016.07.16-19.50.45:397][170]LogWorld: Bringing up level for play took: 0.005510
[2016.07.16-19.50.45:401][170]PIE: Info Play in editor start time for /Temp/UEDPIE_0_Untitled_1 0.421
[2016.07.16-19.50.49:914][656]LogEditorViewport: Clicking Background
[2016.07.16-19.50.50:594][736]LogEditorViewport: Clicking Background
[2016.07.16-19.50.51:085][794]LogEditorViewport: Clicking Background
[2016.07.16-19.50.52:086][913]LogEditorViewport: Clicking on Actor (LMB): AtmosphericFog (Atmospheric Fog)
[2016.07.16-19.50.53:588][ 88]Cmd: DELETE
[2016.07.16-19.50.53:588][ 88]Cmd: ACTOR DELETE
[2016.07.16-19.50.53:589][ 88]LogEditorActor: Deleted Actor: AtmosphericFog
[2016.07.16-19.50.53:603][ 88]LogEditorActor: Deleted 1 Actors (0.015 secs)
[2016.07.16-19.50.54:797][230]LogPlayLevel: PlayLevel: No blueprints needed recompiling
[2016.07.16-19.50.54:797][230]PIE: New page: PIE session: Untitled_1 (Jul 16, 2016, 1:50:54 PM)
[2016.07.16-19.50.54:797][230]L